-------------------------------------------------------------------------------
Test set: Google search functionality
-------------------------------------------------------------------------------
Tests run: 2, Failures: 1, Errors: 0, Skipped: 0, Time elapsed: 23.46 s <<< FAILURE! - in Google search functionality
Google search functionality.Search functionality result Title verification #1  Time elapsed: 16.907 s  <<< FAILURE!
org.junit.ComparisonFailure: Title verification is failed! expected:<apple - [Google ]Search> but was:<apple - []Search>

