-------------------------------------------------------------------------------
Test set: SmartBear
-------------------------------------------------------------------------------
Tests run: 1, Failures: 0, Errors: 1, Skipped: 0, Time elapsed: 4.331 s <<< FAILURE! - in SmartBear
SmartBear.SmartBear order process  Time elapsed: 4.331 s  <<< ERROR!
io.cucumber.java.PendingException: TODO: implement me

